Fri 22 Mar 2024 01:02:22 AM UTC: 
 tests:  0|5
total_score: 0/70
967abd6
Fri 22 Mar 2024 01:02:40 AM UTC: 
 exercises.c | 12 +++++++++---
 1 file changed, 9 insertions(+), 3 deletions(-)
In file included from test.c:5:
exercises.c:60:5: error: redefinition of ‘sumaLista’
   60 | int sumaLista(List *L) {
      |     ^~~~~~~~~
exercises.c:44:5: note: previous definition of ‘sumaLista’ with type ‘int(List *)’
   44 | int sumaLista(List *L) {
      |     ^~~~~~~~~
test.c: In function ‘test_crea_lista’:
test.c:61:15: error: implicit declaration of function ‘crea_lista’; did you mean ‘create_list’? [-Werror=implicit-function-declaration]
   61 |     List* L = crea_lista();
      |               ^~~~~~~~~~
      |               create_list
test.c:61:15: error: initialization of ‘List *’ {aka ‘struct List *’} from ‘int’ makes pointer from integer without a cast [-Werror=int-conversion]
cc1: all warnings being treated as errors
Compilation failed
ec6c102
Fri 22 Mar 2024 01:02:54 AM UTC: 
 exercises.c | 6 +++---
 1 file changed, 3 insertions(+), 3 deletions(-)
In file included from test.c:5:
exercises.c:60:5: error: redefinition of ‘sumaLista’
   60 | int sumaLista(List *L) {
      |     ^~~~~~~~~
exercises.c:44:5: note: previous definition of ‘sumaLista’ with type ‘int(List *)’
   44 | int sumaLista(List *L) {
      |     ^~~~~~~~~
test.c: In function ‘test_crea_lista’:
test.c:61:15: error: implicit declaration of function ‘crea_lista’; did you mean ‘create_list’? [-Werror=implicit-function-declaration]
   61 |     List* L = crea_lista();
      |               ^~~~~~~~~~
      |               create_list
test.c:61:15: error: initialization of ‘List *’ {aka ‘struct List *’} from ‘int’ makes pointer from integer without a cast [-Werror=int-conversion]
cc1: all warnings being treated as errors
Compilation failed
1894f00
Fri 22 Mar 2024 01:03:52 AM UTC: 
 exercises.c | 17 +++++++++--------
 1 file changed, 9 insertions(+), 8 deletions(-)
In file included from test.c:5:
exercises.c: In function ‘crea_lista’:
exercises.c:51:9: error: implicit declaration of function ‘push_back’; did you mean ‘pushBack’? [-Werror=implicit-function-declaration]
   51 |         push_back(L, elemento); // Agregar el puntero del elemento a la lista
      |         ^~~~~~~~~
      |         pushBack
cc1: all warnings being treated as errors
Compilation failed
1cdf3f4
Fri 22 Mar 2024 01:04:54 AM UTC: 
 exercises.c | 12 ++++++------
 1 file changed, 6 insertions(+), 6 deletions(-)
In file included from test.c:5:
exercises.c: In function ‘crea_lista’:
exercises.c:50:9: error: implicit declaration of function ‘push_back’; did you mean ‘pushBack’? [-Werror=implicit-function-declaration]
   50 |         push_back(L, elemento); // Agrega el puntero del elemento a la lista
      |         ^~~~~~~~~
      |         pushBack
cc1: all warnings being treated as errors
Compilation failed
987c07b
Fri 22 Mar 2024 01:05:47 AM UTC: 
 exercises.c | 30 ++++++++++++++++++++++++++----
 1 file changed, 26 insertions(+), 4 deletions(-)
In file included from test.c:5:
exercises.c: In function ‘crea_lista’:
exercises.c:50:9: error: unknown type name ‘Node’
   50 |         Node* newNode = (Node*)malloc(sizeof(Node));
      |         ^~~~
exercises.c:50:26: error: ‘Node’ undeclared (first use in this function)
   50 |         Node* newNode = (Node*)malloc(sizeof(Node));
      |                          ^~~~
exercises.c:50:26: note: each undeclared identifier is reported only once for each function it appears in
exercises.c:50:31: error: expected expression before ‘)’ token
   50 |         Node* newNode = (Node*)malloc(sizeof(Node));
      |                               ^
exercises.c:57:16: error: request for member ‘data’ in something not a structure or union
   57 |         newNode->data = elemento;
      |                ^~
exercises.c:58:16: error: request for member ‘next’ in something not a structure or union
   58 |         newNode->next = NULL;
      |                ^~
exercises.c:61:14: error: invalid use of incomplete typedef ‘List’
   61 |         if (L->size == 0) {
      |              ^~
exercises.c:62:14: error: invalid use of incomplete typedef ‘List’
   62 |             L->first = newNode;
      |              ^~
exercises.c:65:19: error: ‘current’ undeclared (first use in this function); did you mean ‘popCurrent’?
   65 |             Node* current = L->first;
      |                   ^~~~~~~
      |                   popCurrent
exercises.c:65:30: error: invalid use of incomplete typedef ‘List’
   65 |             Node* current = L->first;
      |                              ^~
exercises.c:73:10: error: invalid use of incomplete typedef ‘List’
   73 |         L->size++;
      |          ^~
Compilation failed
a90082b
Fri 22 Mar 2024 01:07:02 AM UTC: 
 exercises.c | 28 +++++-----------------------
 1 file changed, 5 insertions(+), 23 deletions(-)
In file included from test.c:5:
exercises.c: In function ‘crea_lista’:
exercises.c:54:9: error: implicit declaration of function ‘append’ [-Werror=implicit-function-declaration]
   54 |         append(L, elemento);
      |         ^~~~~~
cc1: all warnings being treated as errors
Compilation failed
06fb57e
Fri 22 Mar 2024 01:08:16 AM UTC: 
 exercises.c | 26 ++++++++++++--------------
 1 file changed, 12 insertions(+), 14 deletions(-)
In file included from test.c:5:
exercises.c: In function ‘sumaLista’:
exercises.c:58:5: error: unknown type name ‘Node’
   58 |     Node *current = L->first; // Obtén el primer nodo de la lista
      |     ^~~~
exercises.c:58:22: error: invalid use of incomplete typedef ‘List’
   58 |     Node *current = L->first; // Obtén el primer nodo de la lista
      |                      ^~
exercises.c:60:32: error: request for member ‘data’ in something not a structure or union
   60 |         suma += *((int*)current->data); // Suma el valor del elemento actual
      |                                ^~
exercises.c:61:26: error: request for member ‘next’ in something not a structure or union
   61 |         current = current->next; // Avanza al siguiente nodo
      |                          ^~
Compilation failed
9fbfcb2
Fri 22 Mar 2024 01:09:35 AM UTC: 
 exercises.c | 23 +++++++++++++----------
 1 file changed, 13 insertions(+), 10 deletions(-)
In file included from test.c:5:
exercises.c: In function ‘eliminaElementos’:
exercises.c:68:5: error: unknown type name ‘Node’
   68 |     Node* current = L->first; // Comienza desde el primer nodo
      |     ^~~~
exercises.c:68:22: error: invalid use of incomplete typedef ‘List’
   68 |     Node* current = L->first; // Comienza desde el primer nodo
      |                      ^~
exercises.c:71:9: error: unknown type name ‘Node’
   71 |         Node* nextNode = current->next; // Guarda el siguiente nodo antes de eliminar el actual
      |         ^~~~
exercises.c:71:33: error: request for member ‘next’ in something not a structure or union
   71 |         Node* nextNode = current->next; // Guarda el siguiente nodo antes de eliminar el actual
      |                                 ^~
exercises.c:74:28: error: request for member ‘data’ in something not a structure or union
   74 |         if (*((int*)current->data) == elem) {
      |                            ^~
exercises.c:76:13: error: implicit declaration of function ‘delete_current’ [-Werror=implicit-function-declaration]
   76 |             delete_current(L);
      |             ^~~~~~~~~~~~~~
cc1: all warnings being treated as errors
Compilation failed
1d7f4da
Fri 22 Mar 2024 01:11:30 AM UTC: 
 exercises.c | 30 ++++++++++++++++++++++++++----
 1 file changed, 26 insertions(+), 4 deletions(-)
In file included from test.c:5:
exercises.c: In function ‘eliminaElementos’:
exercises.c:73:29: error: invalid use of undefined type ‘struct List’
   73 |     struct Node* current = L->first; // Comienza desde el primer nodo
      |                             ^~
exercises.c:84:18: error: invalid use of undefined type ‘struct List’
   84 |                 L->first = current->next;
      |                  ^~
exercises.c:91:29: error: invalid use of undefined type ‘struct List’
   91 |             if (current == L->last) {
      |                             ^~
exercises.c:92:18: error: invalid use of undefined type ‘struct List’
   92 |                 L->last = prev;
      |                  ^~
exercises.c:96:14: error: invalid use of undefined type ‘struct List’
   96 |             L->size--; // Reduce el tamaño de la lista
      |              ^~
Compilation failed
7470094
Fri 22 Mar 2024 01:12:34 AM UTC: 
 exercises.c | 29 +++++++++++++----------------
 1 file changed, 13 insertions(+), 16 deletions(-)
 tests:  0|0
536b9b8
Fri 22 Mar 2024 01:13:50 AM UTC: 
 exercises.c | 2 +-
 1 file changed, 1 insertion(+), 1 deletion(-)
In file included from test.c:5:
exercises.c: In function ‘eliminaElementos’:
exercises.c:94:11: error: expected ‘}’ before ‘else’
   94 |         } else {
      |           ^~~~
Compilation failed
beb3949
Fri 22 Mar 2024 01:13:57 AM UTC: 
 exercises.c | 2 +-
 1 file changed, 1 insertion(+), 1 deletion(-)
 tests:  0|0
7a6dab8
Fri 22 Mar 2024 01:15:31 AM UTC: 
 exercises.c | 18 ++++++++++++++++--
 1 file changed, 16 insertions(+), 2 deletions(-)
In file included from test.c:5:
exercises.c:119:6: error: redefinition of ‘copia_pila’
  119 | void copia_pila(Stack* P1, Stack* P2) {
      |      ^~~~~~~~~~
exercises.c:109:6: note: previous definition of ‘copia_pila’ with type ‘void(Stack *, Stack *)’ {aka ‘void(List *, List *)’}
  109 | void copia_pila(Stack* P1, Stack* P2) {
      |      ^~~~~~~~~~
exercises.c: In function ‘copia_pila’:
exercises.c:123:13: error: implicit declaration of function ‘is_empty_stack’ [-Werror=implicit-function-declaration]
  123 |     while (!is_empty_stack(P1)) {
      |             ^~~~~~~~~~~~~~
exercises.c:135:5: error: implicit declaration of function ‘destroy_stack’ [-Werror=implicit-function-declaration]
  135 |     destroy_stack(auxStack);
      |     ^~~~~~~~~~~~~
test.c: In function ‘test_parentesis_balanceados’:
test.c:217:9: error: implicit declaration of function ‘parentesisBalanceados’; did you mean ‘test_parentesis_balanceados’? [-Werror=implicit-function-declaration]
  217 |     if(!parentesisBalanceados(s)){
      |         ^~~~~~~~~~~~~~~~~~~~~
      |         test_parentesis_balanceados
cc1: all warnings being treated as errors
Compilation failed
25a01e1
Fri 22 Mar 2024 01:15:39 AM UTC: 
 exercises.c | 18 ++----------------
 1 file changed, 2 insertions(+), 16 deletions(-)
 tests:  0|0
abfef92
Fri 22 Mar 2024 02:12:34 AM UTC: 
 exercises.c | 13 +++++++++++++
 1 file changed, 13 insertions(+)
In file included from test.c:5:
exercises.c: In function ‘crea_lista’:
exercises.c:52:17: error: cast from pointer to integer of different size [-Werror=pointer-to-int-cast]
   52 |         suma += (int)actual;
      |                 ^
exercises.c:57:14: error: returning ‘int’ from a function with return type ‘List *’ makes pointer from integer without a cast [-Werror=int-conversion]
   57 |       return suma;
      |              ^~~~
exercises.c: At top level:
exercises.c:59:4: error: expected identifier or ‘(’ before ‘return’
   59 |    return L;
      |    ^~~~~~
exercises.c:60:1: error: expected identifier or ‘(’ before ‘}’ token
   60 | }
      | ^
cc1: all warnings being treated as errors
Compilation failed
440b9f0
Fri 22 Mar 2024 02:12:54 AM UTC: 
 exercises.c | 20 ++++++++++----------
 1 file changed, 10 insertions(+), 10 deletions(-)
In file included from test.c:5:
exercises.c: In function ‘sumaLista’:
exercises.c:61:15: error: cast from pointer to integer of different size [-Werror=pointer-to-int-cast]
   61 |       suma += (int)actual;
      |               ^
exercises.c: At top level:
exercises.c:68:4: error: expected identifier or ‘(’ before ‘return’
   68 |    return 0;
      |    ^~~~~~
exercises.c:69:1: error: expected identifier or ‘(’ before ‘}’ token
   69 | }
      | ^
exercises.c: In function ‘eliminaElementos’:
exercises.c:107:11: error: expected ‘}’ before ‘else’
  107 |         } else {
      |           ^~~~
cc1: all warnings being treated as errors
Compilation failed
2f70c1d
Fri 22 Mar 2024 02:13:31 AM UTC: 
 exercises.c | 2 --
 1 file changed, 2 deletions(-)
In file included from test.c:5:
exercises.c: In function ‘sumaLista’:
exercises.c:60:15: error: cast from pointer to integer of different size [-Werror=pointer-to-int-cast]
   60 |       suma += (int)actual;
      |               ^
exercises.c: In function ‘eliminaElementos’:
exercises.c:104:11: error: expected ‘}’ before ‘else’
  104 |         } else {
      |           ^~~~
cc1: all warnings being treated as errors
Compilation failed
b8d06a6
Fri 22 Mar 2024 02:14:42 AM UTC: 
 exercises.c | 2 +-
 1 file changed, 1 insertion(+), 1 deletion(-)
In file included from test.c:5:
exercises.c: In function ‘sumaLista’:
exercises.c:60:15: error: invalid use of incomplete typedef ‘List’
   60 |       suma += *actual;
      |               ^
exercises.c: In function ‘eliminaElementos’:
exercises.c:104:11: error: expected ‘}’ before ‘else’
  104 |         } else {
      |           ^~~~
Compilation failed
4fcad7b
Fri 22 Mar 2024 02:16:01 AM UTC: 
 exercises.c | 2 +-
 1 file changed, 1 insertion(+), 1 deletion(-)
In file included from test.c:5:
exercises.c: In function ‘sumaLista’:
exercises.c:61:13: error: cast from pointer to integer of different size [-Werror=pointer-to-int-cast]
   61 |     suma += (int)actual;
      |             ^
exercises.c: In function ‘eliminaElementos’:
exercises.c:105:11: error: expected ‘}’ before ‘else’
  105 |         } else {
      |           ^~~~
cc1: all warnings being treated as errors
Compilation failed
06a9e94
Fri 22 Mar 2024 02:16:43 AM UTC: 
 exercises.c | 2 +-
 1 file changed, 1 insertion(+), 1 deletion(-)
In file included from test.c:5:
exercises.c: In function ‘sumaLista’:
exercises.c:61:13: error: cast from pointer to integer of different size [-Werror=pointer-to-int-cast]
   61 |     suma += (int)actual;
      |             ^
exercises.c: In function ‘eliminaElementos’:
exercises.c:105:11: error: expected ‘}’ before ‘else’
  105 |         } else {
      |           ^~~~
cc1: all warnings being treated as errors
Compilation failed
6d820b0
Fri 22 Mar 2024 02:16:56 AM UTC: 
 exercises.c | 3 +--
 1 file changed, 1 insertion(+), 2 deletions(-)
In file included from test.c:5:
exercises.c: In function ‘sumaLista’:
exercises.c:61:13: error: cast from pointer to integer of different size [-Werror=pointer-to-int-cast]
   61 |     suma += (int)actual;
      |             ^
exercises.c: In function ‘eliminaElementos’:
exercises.c:104:11: error: expected ‘}’ before ‘else’
  104 |         } else {
      |           ^~~~
cc1: all warnings being treated as errors
Compilation failed
abd8b19
Fri 22 Mar 2024 02:17:26 AM UTC: 
 exercises.c | 34 ++--------------------------------
 1 file changed, 2 insertions(+), 32 deletions(-)
In file included from test.c:5:
exercises.c: In function ‘sumaLista’:
exercises.c:61:15: error: cast from pointer to integer of different size [-Werror=pointer-to-int-cast]
   61 |       suma += (int)actual;
      |               ^
exercises.c: At top level:
exercises.c:68:1: error: expected identifier or ‘(’ before ‘}’ token
   68 | }
      | ^
cc1: all warnings being treated as errors
Compilation failed
ce3f171
Fri 22 Mar 2024 02:17:31 AM UTC: 
 exercises.c | 1 -
 1 file changed, 1 deletion(-)
In file included from test.c:5:
exercises.c: In function ‘sumaLista’:
exercises.c:61:15: error: cast from pointer to integer of different size [-Werror=pointer-to-int-cast]
   61 |       suma += (int)actual;
      |               ^
cc1: all warnings being treated as errors
Compilation failed
6306403
Fri 22 Mar 2024 02:18:03 AM UTC: 
 exercises.c | 2 +-
 1 file changed, 1 insertion(+), 1 deletion(-)
In file included from test.c:5:
exercises.c: In function ‘sumaLista’:
exercises.c:61:15: error: invalid use of incomplete typedef ‘List’
   61 |       suma += *actual;
      |               ^
Compilation failed
bdc07eb
Fri 22 Mar 2024 02:20:10 AM UTC: 
 exercises.c | 2 +-
 1 file changed, 1 insertion(+), 1 deletion(-)
In file included from test.c:5:
exercises.c: In function ‘sumaLista’:
exercises.c:61:12: error: assignment to ‘int’ from ‘int *’ makes integer from pointer without a cast [-Werror=int-conversion]
   61 |       suma += (int*)actual;
      |            ^~
cc1: all warnings being treated as errors
Compilation failed
1698efd
Fri 22 Mar 2024 02:20:23 AM UTC: 
 exercises.c | 2 +-
 1 file changed, 1 insertion(+), 1 deletion(-)
In file included from test.c:5:
exercises.c: In function ‘sumaLista’:
exercises.c:61:17: error: expected expression before ‘int’
   61 |       suma += (*int)actual;
      |                 ^~~
exercises.c:61:21: error: expected ‘;’ before ‘actual’
   61 |       suma += (*int)actual;
      |                     ^~~~~~
      |                     ;
exercises.c:58:11: error: variable ‘actual’ set but not used [-Werror=unused-but-set-variable]
   58 |     List *actual = first(L);
      |           ^~~~~~
cc1: all warnings being treated as errors
Compilation failed
a8e3ec7
Fri 22 Mar 2024 02:20:37 AM UTC: 
 exercises.c | 2 +-
 1 file changed, 1 insertion(+), 1 deletion(-)
 tests:  1|4
total_score: 10/70
538b505
Fri 22 Mar 2024 02:31:39 AM UTC: 
 exercises.c | 18 +++++++++++++++---
 1 file changed, 15 insertions(+), 3 deletions(-)
In file included from test.c:5:
exercises.c:44:1: error: unknown type name ‘ListNode’
   44 | ListNode* crea_lista() {
      | ^~~~~~~~
exercises.c: In function ‘crea_lista’:
exercises.c:45:5: error: unknown type name ‘ListNode’
   45 |     ListNode* head = NULL;  // Inicializa la cabeza de la lista
      |     ^~~~~~~~
exercises.c:46:5: error: unknown type name ‘ListNode’
   46 |     ListNode* current = NULL;
      |     ^~~~~~~~
exercises.c:49:9: error: unknown type name ‘ListNode’
   49 |         ListNode* newNode = create_node(i);  // Crea un nuevo nodo con el dato i
      |         ^~~~~~~~
exercises.c:49:29: error: implicit declaration of function ‘create_node’ [-Werror=implicit-function-declaration]
   49 |         ListNode* newNode = create_node(i);  // Crea un nuevo nodo con el dato i
      |                             ^~~~~~~~~~~
exercises.c:49:29: error: initialization of ‘int *’ from ‘int’ makes pointer from integer without a cast [-Werror=int-conversion]
exercises.c:54:20: error: request for member ‘next’ in something not a structure or union
   54 |             current->next = newNode;  // Si no es el primer nodo, se enlaza al final de la lista
      |                    ^~
exercises.c:55:30: error: request for member ‘next’ in something not a structure or union
   55 |             current = current->next;   // Se mueve el nodo actual al recién agregado
      |                              ^~
test.c: In function ‘test_crea_lista’:
test.c:61:15: error: initialization of ‘List *’ {aka ‘struct List *’} from incompatible pointer type ‘int *’ [-Werror=incompatible-pointer-types]
   61 |     List* L = crea_lista();
      |               ^~~~~~~~~~
cc1: all warnings being treated as errors
Compilation failed
baf8088
Fri 22 Mar 2024 02:32:14 AM UTC: 
 exercises.c | 38 ++++++++++++++++++++++++++------------
 1 file changed, 26 insertions(+), 12 deletions(-)
In file included from test.c:5:
exercises.c: In function ‘crea_lista’:
exercises.c:46:5: error: unknown type name ‘ListNode’
   46 |     ListNode* head = (ListNode*)malloc(sizeof(ListNode));
      |     ^~~~~~~~
exercises.c:46:23: error: ‘ListNode’ undeclared (first use in this function)
   46 |     ListNode* head = (ListNode*)malloc(sizeof(ListNode));
      |                       ^~~~~~~~
exercises.c:46:23: note: each undeclared identifier is reported only once for each function it appears in
exercises.c:46:32: error: expected expression before ‘)’ token
   46 |     ListNode* head = (ListNode*)malloc(sizeof(ListNode));
      |                                ^
exercises.c:51:9: error: request for member ‘data’ in something not a structure or union
   51 |     head->data = 1;         // Establece el dato del primer nodo
      |         ^~
exercises.c:52:9: error: request for member ‘next’ in something not a structure or union
   52 |     head->next = NULL;      // Inicializa el siguiente nodo como NULL
      |         ^~
exercises.c:55:15: error: ‘current’ undeclared (first use in this function); did you mean ‘popCurrent’?
   55 |     ListNode* current = head;
      |               ^~~~~~~
      |               popCurrent
exercises.c:60:19: error: ‘newNode’ undeclared (first use in this function)
   60 |         ListNode* newNode = (ListNode*)malloc(sizeof(ListNode));  // Crea un nuevo nodo
      |                   ^~~~~~~
exercises.c:60:39: error: expected expression before ‘)’ token
   60 |         ListNode* newNode = (ListNode*)malloc(sizeof(ListNode));  // Crea un nuevo nodo
      |                                       ^
Compilation failed
8fbbdf4
Fri 22 Mar 2024 02:33:31 AM UTC: 
 exercises.c | 5 ++---
 1 file changed, 2 insertions(+), 3 deletions(-)
In file included from test.c:5:
exercises.c:44:6: error: return type is an incomplete type
   44 | List crea_lista() {
      |      ^~~~~~~~~~
exercises.c: In function ‘crea_lista’:
exercises.c:46:5: error: unknown type name ‘ListNode’
   46 |     ListNode* head = (ListNode*)malloc(sizeof(ListNode));
      |     ^~~~~~~~
exercises.c:46:23: error: ‘ListNode’ undeclared (first use in this function)
   46 |     ListNode* head = (ListNode*)malloc(sizeof(ListNode));
      |                       ^~~~~~~~
exercises.c:46:23: note: each undeclared identifier is reported only once for each function it appears in
exercises.c:46:32: error: expected expression before ‘)’ token
   46 |     ListNode* head = (ListNode*)malloc(sizeof(ListNode));
      |                                ^
exercises.c:51:9: error: request for member ‘data’ in something not a structure or union
   51 |     head->data = 1;         // Establece el dato del primer nodo
      |         ^~
exercises.c:52:9: error: request for member ‘next’ in something not a structure or union
   52 |     head->next = NULL;      // Inicializa el siguiente nodo como NULL
      |         ^~
exercises.c:55:15: error: ‘current’ undeclared (first use in this function); did you mean ‘popCurrent’?
   55 |     ListNode* current = head;
      |               ^~~~~~~
      |               popCurrent
exercises.c:60:19: error: ‘newNode’ undeclared (first use in this function)
   60 |         ListNode* newNode = (ListNode*)malloc(sizeof(ListNode));  // Crea un nuevo nodo
      |                   ^~~~~~~
exercises.c:60:39: error: expected expression before ‘)’ token
   60 |         ListNode* newNode = (ListNode*)malloc(sizeof(ListNode));  // Crea un nuevo nodo
      |                                       ^
exercises.c:72:12: error: ‘return’ with a value, in function returning void [-Werror=return-type]
   72 |     return head;
      |            ^~~~
exercises.c:44:6: note: declared here
   44 | List crea_lista() {
      |      ^~~~~~~~~~
test.c: In function ‘test_crea_lista’:
test.c:61:15: error: void value not ignored as it ought to be
   61 |     List* L = crea_lista();
      |               ^~~~~~~~~~
cc1: all warnings being treated as errors
Compilation failed
3e56921
Fri 22 Mar 2024 03:08:20 AM UTC: 
 exercises.c | 50 +++++++++++++++++++++-----------------------------
 1 file changed, 21 insertions(+), 29 deletions(-)
 tests:  4|4
total_score: 20/70
3f0f767
Fri 22 Mar 2024 03:09:34 AM UTC: 
 exercises.c | 3 +--
 1 file changed, 1 insertion(+), 2 deletions(-)
In file included from test.c:5:
exercises.c: In function ‘parentesisBalanceados’:
exercises.c:116:26: error: expected ‘;’ before ‘:’ token
  116 |     return (balance == 0) : 0;
      |                          ^~
      |                          ;
Compilation failed
e7e5590
Fri 22 Mar 2024 03:09:41 AM UTC: 
 exercises.c | 2 +-
 1 file changed, 1 insertion(+), 1 deletion(-)
In file included from test.c:5:
exercises.c: In function ‘parentesisBalanceados’:
exercises.c:116:26: error: expected ‘;’ before numeric constant
  116 |     return (balance == 0) 0;
      |                          ^~
      |                          ;
Compilation failed
46d086a
Fri 22 Mar 2024 03:09:45 AM UTC: 
 exercises.c | 2 +-
 1 file changed, 1 insertion(+), 1 deletion(-)
 tests:  4|4
total_score: 20/70
8399cdb
Fri 22 Mar 2024 03:09:55 AM UTC: 
 exercises.c | 2 +-
 1 file changed, 1 insertion(+), 1 deletion(-)
In file included from test.c:5:
exercises.c: In function ‘parentesisBalanceados’:
exercises.c:116:30: error: the omitted middle operand in ‘?:’ will always be ‘true’, suggest explicit middle operand [-Werror=parentheses]
  116 |     return (balance == 0) ?  : 0;
      |                              ^
cc1: all warnings being treated as errors
Compilation failed
fad550f
Fri 22 Mar 2024 03:10:02 AM UTC: 
 exercises.c | 2 +-
 1 file changed, 1 insertion(+), 1 deletion(-)
 tests:  4|4
total_score: 20/70
fad550f
Fri 22 Mar 2024 03:10:45 AM UTC: 
 exercises.c | 18 ++++++++++++++++++
 1 file changed, 18 insertions(+)
In file included from test.c:5:
exercises.c: In function ‘copia_pila’:
exercises.c:90:18: error: implicit declaration of function ‘createStack’; did you mean ‘create_stack’? [-Werror=implicit-function-declaration]
   90 |     Stack* aux = createStack(P1->capacity); // Creamos una pila auxiliar
      |                  ^~~~~~~~~~~
      |                  create_stack
exercises.c:90:32: error: invalid use of incomplete typedef ‘Stack’ {aka ‘List’}
   90 |     Stack* aux = createStack(P1->capacity); // Creamos una pila auxiliar
      |                                ^~
exercises.c:93:13: error: implicit declaration of function ‘isEmpty’ [-Werror=implicit-function-declaration]
   93 |     while (!isEmpty(P1)) {
      |             ^~~~~~~
exercises.c:94:21: error: initialization of ‘char’ from ‘void *’ makes integer from pointer without a cast [-Werror=int-conversion]
   94 |         char item = pop(P1);
      |                     ^~~
exercises.c:95:19: error: passing argument 2 of ‘push’ makes pointer from integer without a cast [-Werror=int-conversion]
   95 |         push(aux, item);
      |                   ^~~~
      |                   |
      |                   char
In file included from exercises.c:7,
                 from test.c:5:
stack.h:11:31: note: expected ‘void *’ but argument is of type ‘char’
   11 | void push(Stack *stack, void *data) { pushFront(stack, data); }
      |                         ~~~~~~^~~~
In file included from test.c:5:
exercises.c:96:18: error: passing argument 2 of ‘push’ makes pointer from integer without a cast [-Werror=int-conversion]
   96 |         push(P2, item);
      |                  ^~~~
      |                  |
      |                  char
In file included from exercises.c:7,
                 from test.c:5:
stack.h:11:31: note: expected ‘void *’ but argument is of type ‘char’
   11 | void push(Stack *stack, void *data) { pushFront(stack, data); }
      |                         ~~~~~~^~~~
In file included from test.c:5:
exercises.c:101:21: error: initialization of ‘char’ from ‘void *’ makes integer from pointer without a cast [-Werror=int-conversion]
  101 |         char item = pop(aux);
      |                     ^~~
exercises.c:102:18: error: passing argument 2 of ‘push’ makes pointer from integer without a cast [-Werror=int-conversion]
  102 |         push(P1, item);
      |                  ^~~~
      |                  |
      |                  char
In file included from exercises.c:7,
                 from test.c:5:
stack.h:11:31: note: expected ‘void *’ but argument is of type ‘char’
   11 | void push(Stack *stack, void *data) { pushFront(stack, data); }
      |                         ~~~~~~^~~~
In file included from test.c:5:
exercises.c:106:13: error: invalid use of incomplete typedef ‘Stack’ {aka ‘List’}
  106 |     free(aux->items);
      |             ^~
cc1: all warnings being treated as errors
Compilation failed
70d3337
Fri 22 Mar 2024 03:14:29 AM UTC: 
 exercises.c | 21 +++------------------
 1 file changed, 3 insertions(+), 18 deletions(-)
In file included from test.c:5:
exercises.c:100:7: error: ‘parentesisBalanceados’ defined but not used [-Werror=unused-function]
  100 |   int parentesisBalanceados(char *cadena) {
      |       ^~~~~~~~~~~~~~~~~~~~~
cc1: all warnings being treated as errors
Compilation failed
f7d291b
Fri 22 Mar 2024 03:14:37 AM UTC: 
 exercises.c | 4 ----
 1 file changed, 4 deletions(-)
 tests:  4|4
total_score: 20/70
d71cde7
Fri 22 Mar 2024 03:14:44 AM UTC: 
 exercises.c | 2 +-
 1 file changed, 1 insertion(+), 1 deletion(-)
 tests:  1|4
total_score: 10/70
055fae8
Fri 22 Mar 2024 03:14:52 AM UTC: 
 exercises.c | 2 +-
 1 file changed, 1 insertion(+), 1 deletion(-)
 tests:  2|4
total_score: 10/70
ddba9bf
Fri 22 Mar 2024 03:15:00 AM UTC: 
 exercises.c | 2 +-
 1 file changed, 1 insertion(+), 1 deletion(-)
 tests:  4|4
total_score: 20/70
7aa1fea
